instance[0] = VK_KHR_display
instance[1] = VK_KHR_surface
instance[2] = VK_KHR_xlib_surface
instance[3] = VK_KHR_external_memory_capabilities
instance[4] = VK_KHR_get_physical_device_properties2
instance[5] = VK_KHR_external_semaphore_capabilities
Fossilize INFO: Overriding serialization path: "/home/jaden/.local/share/Steam/steamapps/shadercache/250820/fozpipelinesv6/steamapprun_pipeline_cache".
aphore_capabilities, enabled=0
[Vulkan init] extensions: name=VK_KHR_get_display_properties2, enabled=0
[Vulkan init] extensions: name=VK_KHR_get_physical_device_properties2, enabled=0
[Vulkan init] extensions: name=VK_KHR_get_surface_capabilities2, enabled=0
[Vulkan init] extensions: name=VK_KHR_surface, enabled=1
[Vulkan init] extensions: name=VK_KHR_surface_protected_capabilities, enabled=0
[Vulkan init] extensions: name=VK_KHR_wayland_surface, enabled=0
[Vulkan init] extensions: name=VK_KHR_xcb_surface, enabled=0
[Vulkan init] extensions: name=VK_KHR_xlib_surface, enabled=1
[Vulkan init] extensions: name=VK_EXT_acquire_drm_display, enabled=0
[Vulkan init] extensions: name=VK_EXT_acquire_xlib_display, enabled=0
[Vulkan init] extensions: name=VK_EXT_debug_report, enabled=0
[Vulkan init] extensions: name=VK_EXT_debug_utils, enabled=0
[Vulkan init] extensions: name=VK_EXT_direct_mode_display, enabled=0
[Vulkan init] extensions: name=VK_EXT_display_surface_counter, enabled=0
[Vulkan init] extensions: name=VK_KHR_portability_enumeration, enabled=0
[Vulkan init] extensions: name=VK_LUNARG_direct_driver_loading, enabled=0
Vulkan detection: 2
Initialize engine version: 5.6.0b7 (01fb54121943)
GfxDevice: creating device client; threaded=1
[Vulkan init] extensions: count=21
[Vulkan init] extensions: name=VK_KHR_device_group_creation, enabled=0
[Vulkan init] extensions: name=VK_KHR_display, enabled=1
[Vulkan init] extensions: name=VK_KHR_external_fence_capabilities, enabled=0
[Vulkan init] extensions: name=VK_KHR_external_memory_capabilities, enabled=0
[Vulkan init] extensions: name=VK_KHR_external_semaphore_capabilities, enabled=0
[Vulkan init] extensions: name=VK_KHR_get_display_properties2, enabled=0
[Vulkan init] extensions: name=VK_KHR_get_physical_device_properties2, enabled=0
[Vulkan init] extensions: name=VK_KHR_get_surface_capabilities2, enabled=0
[Vulkan init] extensions: name=VK_KHR_surface, enabled=1
[Vulkan init] extensions: name=VK_KHR_surface_protected_capabilities, enabled=0
[Vulkan init] extensions: name=VK_KHR_wayland_surface, enabled=0
[Vulkan init] extensions: name=VK_KHR_xcb_surface, enabled=0
[Vulkan init] extensions: name=VK_KHR_xlib_surface, enabled=1
[Vulkan init] extensions: name=VK_EXT_acquire_drm_display, enabled=0
[Vulkan init] extensions: name=VK_EXT_acquire_xlib_display, enabled=0
[Vulkan init] extensions: name=VK_EXT_debug_report, enabled=0
[Vulkan init] extensions: name=VK_EXT_debug_utils, enabled=0
[Vulkan init] extensions: name=VK_EXT_direct_mode_display, enabled=0
[Vulkan init] extensions: name=VK_EXT_display_surface_counter, enabled=0
[Vulkan init] extensions: name=VK_KHR_portability_enumeration, enabled=0
[Vulkan init] extensions: name=VK_LUNARG_direct_driver_loading, enabled=0
[Vulkan init] extensions: count=164
[Vulkan init] extensions: name=VK_KHR_16bit_storage, enabled=0
[Vulkan init] extensions: name=VK_KHR_8bit_storage, enabled=0
[Vulkan init] extensions: name=VK_KHR_acceleration_structure, enabled=0
[Vulkan init] extensions: name=VK_KHR_bind_memory2, enabled=0
[Vulkan init] extensions: name=VK_KHR_buffer_device_address, enabled=0
[Vulkan init] extensions: name=VK_KHR_copy_commands2, enabled=0
[Vulkan init] extensions: name=VK_KHR_create_renderpass2, enabled=0
[Vulkan init] extensions: name=VK_KHR_dedicated_allocation, enabled=0
[Vulkan init] extensions: name=VK_KHR_deferred_host_operations, enabled=0
[Vulkan init] extensions: name=VK_KHR_depth_stencil_resolve, enabled=0
[Vulkan init] extensions: name=VK_KHR_descriptor_update_template, enabled=0
[Vulkan init] extensions: name=VK_KHR_device_group, enabled=0
[Vulkan init] extensions: name=VK_KHR_draw_indirect_count, enabled=0
[Vulkan init] extensions: name=VK_KHR_driver_properties, enabled=0
[Vulkan init] extensions: name=VK_KHR_dynamic_rendering, enabled=0
[Vulkan init] extensions: name=VK_KHR_external_fence, enabled=0
[Vulkan init] extensions: name=VK_KHR_external_fence_fd, enabled=0
[Vulkan init] extensions: name=VK_KHR_external_memory, enabled=0
[Vulkan init] extensions: name=VK_KHR_external_memory_fd, enabled=0
[Vulkan init] extensions: name=VK_KHR_external_semaphore, enabled=0
[Vulkan init] extensions: name=VK_KHR_external_semaphore_fd, enabled=0
[Vulkan init] extensions: name=VK_KHR_format_feature_flags2, enabled=0
[Vulkan init] extensions: name=VK_KHR_get_memory_requirements2, enabled=0
[Vulkan init] extensions: name=VK_KHR_global_priority, enabled=0
[Vulkan init] extensions: name=VK_KHR_image_format_list, enabled=0
[Vulkan init] extensions: name=VK_KHR_imageless_framebuffer, enabled=0
[Vulkan init] extensions: name=VK_KHR_maintenance1, enabled=0
[Vulkan init] extensions: name=VK_KHR_maintenance2, enabled=0
[Vulkan init] extensions: name=VK_KHR_maintenance3, enabled=0
[Vulkan init] extensions: name=VK_KHR_maintenance4, enabled=0
[Vulkan init] extensions: name=VK_KHR_multiview, enabled=0
[Vulkan init] extensions: name=VK_KHR_pipeline_executable_properties, enabled=0
[Vulkan init] extensions: name=VK_KHR_pipeline_library, enabled=0
[Vulkan init] extensions: name=VK_KHR_present_id, enabled=0
[Vulkan init] extensions: name=VK_KHR_present_wait, enabled=0
[Vulkan init] extensions: name=VK_KHR_push_descriptor, enabled=0
[Vulkan init] extensions: name=VK_KHR_ray_tracing_maintenance1, enabled=0
[Vulkan init] extensions: name=VK_KHR_ray_tracing_pipeline, enabled=0
[Vulkan init] extensions: name=VK_KHR_relaxed_block_layout, enabled=0
[Vulkan init] extensions: name=VK_KHR_sampler_mirror_clamp_to_edge, enabled=0
[Vulkan init] extensions: name=VK_KHR_sampler_ycbcr_conversion, enabled=0
[Vulkan init] extensions: name=VK_KHR_separate_depth_stencil_layouts, enabled=0
[Vulkan init] extensions: name=VK_KHR_shader_atomic_int64, enabled=0
[Vulkan init] extensions: name=VK_KHR_shader_clock, enabled=0
[Vulkan init] extensions: name=VK_KHR_shader_draw_parameters, enabled=0
[Vulkan init] extensions: name=VK_KHR_shader_float16_int8, enabled=0
[Vulkan init] extensions: name=VK_KHR_shader_float_controls, enabled=0
[Vulkan init] extensions: name=VK_KHR_shader_integer_dot_product, enabled=0
[Vulkan init] extensions: name=VK_KHR_shader_non_semantic_info, enabled=0
[Vulkan init] extensions: name=VK_KHR_shader_subgroup_extended_types, enabled=0
[Vulkan init] extensions: name=VK_KHR_shader_terminate_invocation, enabled=0
[Vulkan init] extensions: name=VK_KHR_shared_presentable_image, enabled=0
[Vulkan init] extensions: name=VK_KHR_spirv_1_4, enabled=0
[Vulkan init] extensions: name=VK_KHR_storage_buffer_storage_class, enabled=0
[Vulkan init] extensions: name=VK_KHR_swapchain, enabled=1
[Vulkan init] extensions: name=VK_KHR_swapchain_mutable_format, enabled=0
[Vulkan init] extensions: name=VK_KHR_synchronization2, enabled=0
[Vulkan init] extensions: name=VK_KHR_timeline_semaphore, enabled=0
[Vulkan init] extensions: name=VK_KHR_uniform_buffer_standard_layout, enabled=0
[Vulkan init] extensions: name=VK_KHR_variable_pointers, enabled=0
[Vulkan init] extensions: name=VK_KHR_video_decode_h264, enabled=0
[Vulkan init] extensions: name=VK_KHR_video_decode_h265, enabled=0
[Vulkan init] extensions: name=VK_KHR_video_decode_queue, enabled=0
[Vulkan init] extensions: name=VK_KHR_video_queue, enabled=0
[Vulkan init] extensions: name=VK_KHR_vulkan_memory_model, enabled=0
[Vulkan init] extensions: name=VK_KHR_workgroup_memory_explicit_layout, enabled=0
[Vulkan init] extensions: name=VK_KHR_zero_initialize_workgroup_memory, enabled=0
[Vulkan init] extensions: name=VK_EXT_4444_formats, enabled=0
[Vulkan init] extensions: name=VK_EXT_attachment_feedback_loop_layout, enabled=0
[Vulkan init] extensions: name=VK_EXT_blend_operation_advanced, enabled=0
[Vulkan init] extensions: name=VK_EXT_border_color_swizzle, enabled=0
[Vulkan init] extensions: name=VK_EXT_buffer_device_address, enabled=0
[Vulkan init] extensions: name=VK_EXT_calibrated_timestamps, enabled=0
[Vulkan init] extensions: name=VK_EXT_color_write_enable, enabled=0
[Vulkan init] extensions: name=VK_EXT_conditional_rendering, enabled=0
[Vulkan init] extensions: name=VK_EXT_conservative_rasterization, enabled=0
[Vulkan init] extensions: name=VK_EXT_custom_border_color, enabled=0
[Vulkan init] extensions: name=VK_EXT_depth_clamp_zero_one, enabled=0
[Vulkan init] extensions: name=VK_EXT_depth_clip_control, enabled=0
[Vulkan init] extensions: name=VK_EXT_depth_clip_enable, enabled=0
[Vulkan init] extensions: name=VK_EXT_depth_range_unrestricted, enabled=0
[Vulkan init] extensions: name=VK_EXT_descriptor_buffer, enabled=0
[Vulkan init] extensions: name=VK_EXT_descriptor_indexing, enabled=0
[Vulkan init] extensions: name=VK_EXT_discard_rectangles, enabled=0
[Vulkan init] extensions: name=VK_EXT_display_control, enabled=0
[Vulkan init] extensions: name=VK_EXT_extended_dynamic_state, enabled=0
[Vulkan init] extensions: name=VK_EXT_extended_dynamic_state2, enabled=0
[Vulkan init] extensions: name=VK_EXT_extended_dynamic_state3, enabled=0
[Vulkan init] extensions: name=VK_EXT_external_memory_dma_buf, enabled=0
[Vulkan init] extensions: name=VK_EXT_external_memory_host, enabled=0
[Vulkan init] extensions: name=VK_EXT_fragment_shader_interlock, enabled=0
[Vulkan init] extensions: name=VK_EXT_global_priority, enabled=0
[Vulkan init] extensions: name=VK_EXT_global_priority_query, enabled=0
[Vulkan init] extensions: name=VK_EXT_graphics_pipeline_library, enabled=0
[Vulkan init] extensions: name=VK_EXT_host_query_reset, enabled=0
[Vulkan init] extensions: name=VK_EXT_image_2d_view_of_3d, enabled=0
[Vulkan init] extensions: name=VK_EXT_image_drm_format_modifier, enabled=0
[Vulkan init] extensions: name=VK_EXT_image_robustness, enabled=0
[Vulkan init] extensions: name=VK_EXT_image_sliced_view_of_3d, enabled=0
[Vulkan init] extensions: name=VK_EXT_image_view_min_lod, enabled=0
[Vulkan init] extensions: name=VK_EXT_index_type_uint8, enabled=0
[Vulkan init] extensions: name=VK_EXT_inline_uniform_block, enabled=0
[Vulkan init] extensions: name=VK_EXT_line_rasterization, enabled=0
[Vulkan init] extensions: name=VK_EXT_load_store_op_none, enabled=0
[Vulkan init] extensions: name=VK_EXT_memory_budget, enabled=0
[Vulkan init] extensions: name=VK_EXT_multi_draw, enabled=0
[Vulkan init] extensions: name=VK_EXT_non_seamless_cube_map, enabled=0
[Vulkan init] extensions: name=VK_EXT_pci_bus_info, enabled=0
[Vulkan init] extensions: name=VK_EXT_physical_device_drm, enabled=0
[Vulkan init] extensions: name=VK_EXT_pipeline_creation_cache_control, enabled=0
[Vulkan init] extensions: name=VK_EXT_pipeline_creation_feedback, enabled=0
[Vulkan init] extensions: name=VK_EXT_pipeline_library_group_handles, enabled=0
[Vulkan init] extensions: name=VK_EXT_pipeline_robustness, enabled=0
[Vulkan init] extensions: name=VK_EXT_post_depth_coverage, enabled=0
[Vulkan init] extensions: name=VK_EXT_primitive_topology_list_restart, enabled=0
[Vulkan init] extensions: name=VK_EXT_primitives_generated_query, enabled=0
[Vulkan init] extensions: name=VK_EXT_private_data, enabled=0
[Vulkan init] extensions: name=VK_EXT_provoking_vertex, enabled=0
[Vulkan init] extensions: name=VK_EXT_queue_family_foreign, enabled=0
[Vulkan init] extensions: name=VK_EXT_robustness2, enabled=0
[Vulkan init] extensions: name=VK_EXT_sample_locations, enabled=0
[Vulkan init] extensions: name=VK_EXT_sampler_filter_minmax, enabled=0
[Vulkan init] extensions: name=VK_EXT_scalar_block_layout, enabled=0
[Vulkan init] extensions: name=VK_EXT_separate_stencil_usage, enabled=0
[Vulkan init] extensions: name=VK_EXT_shader_atomic_float, enabled=0
[Vulkan init] extensions: name=VK_EXT_shader_demote_to_helper_invocation, enabled=0
[Vulkan init] extensions: name=VK_EXT_shader_image_atomic_int64, enabled=0
[Vulkan init] extensions: name=VK_EXT_shader_module_identifier, enabled=0
[Vulkan init] extensions: name=VK_EXT_shader_object, enabled=0
[Vulkan init] extensions: name=VK_EXT_shader_subgroup_ballot, enabled=0
[Vulkan init] extensions: name=VK_EXT_shader_subgroup_vote, enabled=0
[Vulkan init] extensions: name=VK_EXT_shader_viewport_index_layer, enabled=0
[Vulkan init] extensions: name=VK_EXT_subgroup_size_control, enabled=0
[Vulkan init] extensions: name=VK_EXT_texel_buffer_alignment, enabled=0
[Vulkan init] extensions: name=VK_EXT_tooling_info, enabled=0
[Vulkan init] extensions: name=VK_EXT_transform_feedback, enabled=0
[Vulkan init] extensions: name=VK_EXT_vertex_attribute_divisor, enabled=0
[Vulkan init] extensions: name=VK_EXT_vertex_input_dynamic_state, enabled=0
[Vulkan init] extensions: name=VK_EXT_ycbcr_2plane_444_formats, enabled=0
[Vulkan init] extensions: name=VK_EXT_ycbcr_image_arrays, enabled=0
[Vulkan init] extensions: name=VK_NV_clip_space_w_scaling, enabled=0
[Vulkan init] extensions: name=VK_NV_copy_memory_indirect, enabled=0
[Vulkan init] extensions: name=VK_NV_coverage_reduction_mode, enabled=0
[Vulkan init] extensions: name=VK_NV_dedicated_allocation, enabled=0
[Vulkan init] extensions: name=VK_NV_dedicated_allocation_image_aliasing, enabled=0
[Vulkan init] extensions: name=VK_NV_device_diagnostic_checkpoints, enabled=0
[Vulkan init] extensions: name=VK_NV_device_diagnostics_config, enabled=0
[Vulkan init] extensions: name=VK_NV_device_generated_commands, enabled=0
[Vulkan init] extensions: name=VK_NV_fill_rectangle, enabled=0
[Vulkan init] extensions: name=VK_NV_fragment_coverage_to_color, enabled=0
[Vulkan init] extensions: name=VK_NV_framebuffer_mixed_samples, enabled=0
[Vulkan init] extensions: name=VK_NV_geometry_shader_passthrough, enabled=0
[Vulkan init] extensions: name=VK_NV_inherited_viewport_scissor, enabled=0
[Vulkan init] extensions: name=VK_NV_linear_color_attachment, enabled=0
[Vulkan init] extensions: name=VK_NV_memory_decompression, enabled=0
[Vulkan init] extensions: name=VK_NV_ray_tracing, enabled=0
[Vulkan init] extensions: name=VK_NV_ray_tracing_invocation_reorder, enabled=0
[Vulkan init] extensions: name=VK_NV_sample_mask_override_coverage, enabled=0
[Vulkan init] extensions: name=VK_NV_shader_sm_builtins, enabled=0
[Vulkan init] extensions: name=VK_NV_shader_subgroup_partitioned, enabled=0
[Vulkan init] extensions: name=VK_NV_viewport_array2, enabled=0
[Vulkan init] extensions: name=VK_NV_viewport_swizzle, enabled=0
[Vulkan init] extensions: name=VK_NVX_multiview_per_view_attributes, enabled=0
[Vulkan init] extensions: name=VK_AMD_buffer_marker, enabled=0
Vulkan API version 1.3.242
Vulkan vendor=[NVIDIA] id=[10de]
Vulkan renderer=[NVIDIA GeForce GTX 1070] id=[1b81]
Vulkan device type 2
Vulkan driverversion=[0x85d58140] uint=[-2049605312]
Vulkan: default RenderTexture HDR format: 11 (109)
Vulkan PSO: cache data not found [path=/home/jaden/.cache/unity3d/Valve/SteamVR Room Setup/vulkan_pso_cache.bin]
AudioManager: Using PulseAudio: Default Output Device
Begin MonoManager ReloadAssembly
Platform assembly: /home/jaden/.local/share/Steam/steamapps/common/SteamVR/tools/steamvr_room_setup/linux64/steamvr_room_setup_Data/Managed/UnityEngine.dll (this message is harmless)
Loading /home/jaden/.local/share/Steam/steamapps/common/SteamVR/tools/steamvr_room_setup/linux64/steamvr_room_setup_Data/Managed/UnityEngine.dll into Unity Child Domain
Platform assembly: /home/jaden/.local/share/Steam/steamapps/common/SteamVR/tools/steamvr_room_setup/linux64/steamvr_room_setup_Data/Managed/Assembly-CSharp.dll (this message is harmless)
Loading /home/jaden/.local/share/Steam/steamapps/common/SteamVR/tools/steamvr_room_setup/linux64/steamvr_room_setup_Data/Managed/Assembly-CSharp.dll into Unity Child Domain
Platform assembly: /home/jaden/.local/share/Steam/steamapps/common/SteamVR/tools/steamvr_room_setup/linux64/steamvr_room_setup_Data/Managed/UnityEngine.UI.dll (this message is harmless)
Loading /home/jaden/.local/share/Steam/steamapps/common/SteamVR/tools/steamvr_room_setup/linux64/steamvr_room_setup_Data/Managed/UnityEngine.UI.dll into Unity Child Domain
Platform assembly: /home/jaden/.local/share/Steam/steamapps/common/SteamVR/tools/steamvr_room_setup/linux64/steamvr_room_setup_Data/Managed/UnityEngine.Networking.dll (this message is harmless)
Loading /home/jaden/.local/share/Steam/steamapps/common/SteamVR/tools/steamvr_room_setup/linux64/steamvr_room_setup_Data/Managed/UnityEngine.Networking.dll into Unity Child Domain
Platform assembly: /home/jaden/.local/share/Steam/steamapps/common/SteamVR/tools/steamvr_room_setup/linux64/steamvr_room_setup_Data/Managed/UnityEngine.TestRunner.dll (this message is harmless)
Loading /home/jaden/.local/share/Steam/steamapps/common/SteamVR/tools/steamvr_room_setup/linux64/steamvr_room_setup_Data/Managed/UnityEngine.TestRunner.dll into Unity Child Domain
Platform assembly: /home/jaden/.local/share/Steam/steamapps/common/SteamVR/tools/steamvr_room_setup/linux64/steamvr_room_setup_Data/Managed/nunit.framework.dll (this message is harmless)
Loading /home/jaden/.local/share/Steam/steamapps/common/SteamVR/tools/steamvr_room_setup/linux64/steamvr_room_setup_Data/Managed/nunit.framework.dll into Unity Child Domain
Platform assembly: /home/jaden/.local/share/Steam/steamapps/common/SteamVR/tools/steamvr_room_setup/linux64/steamvr_room_setup_Data/Managed/UnityEngine.VR.dll (this message is harmless)
Loading /home/jaden/.local/share/Steam/steamapps/common/SteamVR/tools/steamvr_room_setup/linux64/steamvr_room_setup_Data/Managed/UnityEngine.VR.dll into Unity Child Domain
- Completed reload, in  0.194 seconds
Platform assembly: /home/jaden/.local/share/Steam/steamapps/common/SteamVR/tools/steamvr_room_setup/linux64/steamvr_room_setup_Data/Managed/System.Core.dll (this message is harmless)
Platform assembly: /home/jaden/.local/share/Steam/steamapps/common/SteamVR/tools/steamvr_room_setup/linux64/steamvr_room_setup_Data/Managed/System.dll (this message is harmless)
requesting resize 1146 x 648
resizing window to 1146 x 648
Desktop is 1920 x 1080 @ 143 Hz
InitializeOrResetSwapChain 1146x648 samples=1
Using present mode 2
OpenVR initialized!
 
(Filename:  Line: 423)

The referenced script on this Behaviour (Game Object 'TrackingRestored') is missing!
 
(Filename:  Line: 1742)

The referenced script on this Behaviour (Game Object 'Calibration') is missing!
 
(Filename:  Line: 1742)

The referenced script on this Behaviour (Game Object 'TrackingLost') is missing!
 
(Filename:  Line: 1742)

WARNING: Shader Unsupported: 'Valve/VR/SeeThru' - Pass '' has no vertex shader
ERROR: Shader Shader is not supported on this GPU (none of subshaders/fallbacks are suitable)WARNING: Shader Unsupported: 'Valve/VR/SeeThru' - Setting to default shader.
UnloadTime: 1.177000 ms
Connected to lighthouse:LHR-160A07CD
 
(Filename: /home/builduser/buildslave/unity/build/artifacts/generated/common/runtime/DebugBindings.gen.cpp Line: 51)

Failed to find a window with the specified name (SteamVR Room Setup).
 
(Filename: /home/builduser/buildslave/unity/build/artifacts/generated/common/runtime/DebugBindings.gen.cpp Line: 51)

Fallback handler could not load library /home/jaden/.local/share/Steam/steamapps/common/SteamVR/tools/steamvr_room_setup/linux64/steamvr_room_setup_Data/Mono/x86_64/libSDL2-2.0
Requesting render model for device 0
 
(Filename: /home/builduser/buildslave/unity/build/artifacts/generated/common/runtime/DebugBindings.gen.cpp Line: 51)

Requesting render model for device 1
 
(Filename: /home/builduser/buildslave/unity/build/artifacts/generated/common/runtime/DebugBindings.gen.cpp Line: 51)

Requesting render model for device 2
 
(Filename: /home/builduser/buildslave/unity/build/artifacts/generated/common/runtime/DebugBindings.gen.cpp Line: 51)

Setting up 4 worker threads for Enlighten.
  Thread -> id: 7efbeffff6c0 -> priority: 1 
  Thread -> id: 7efbef7fe6c0 -> priority: 1 
  Thread -> id: 7efbeeffd6c0 -> priority: 1 
  Thread -> id: 7efbee7fc6c0 -> priority: 1 
requesting resize 1146 x 648
resizing window to 1146 x 648
Desktop is 1920 x 1080 @ 143 Hz
InitializeOrResetSwapChain 1146x648 samples=1
[Render Model] Render model does not support components, falling back to single mesh.
 
(Filename: /home/builduser/buildslave/unity/build/artifacts/generated/common/runtime/DebugBindings.gen.cpp Line: 51)

Marshalling RenderModel_TextureMap from 139620598480560
 
(Filename: /home/builduser/buildslave/unity/build/artifacts/generated/common/runtime/DebugBindings.gen.cpp Line: 51)

Loaded render model for device 0
 
(Filename: /home/builduser/buildslave/unity/build/artifacts/generated/common/runtime/DebugBindings.gen.cpp Line: 51)

Total render model mesh count is 1
 
(Filename: /home/builduser/buildslave/unity/build/artifacts/generated/common/runtime/DebugBindings.gen.cpp Line: 51)

Total render model vertex count is 3037
 
(Filename: /home/builduser/buildslave/unity/build/artifacts/generated/common/runtime/DebugBindings.gen.cpp Line: 51)

[Render Model] Render model does not support components, falling back to single mesh.
 
(Filename: /home/builduser/buildslave/unity/build/artifacts/generated/common/runtime/DebugBindings.gen.cpp Line: 51)

Marshalling RenderModel_TextureMap from 139620598416192
 
(Filename: /home/builduser/buildslave/unity/build/artifacts/generated/common/runtime/DebugBindings.gen.cpp Line: 51)

Loaded render model for device 1
 
(Filename: /home/builduser/buildslave/unity/build/artifacts/generated/common/runtime/DebugBindings.gen.cpp Line: 51)

Total render model mesh count is 1
 
(Filename: /home/builduser/buildslave/unity/build/artifacts/generated/common/runtime/DebugBindings.gen.cpp Line: 51)

Total render model vertex count is 1275
 
(Filename: /home/builduser/buildslave/unity/build/artifacts/generated/common/runtime/DebugBindings.gen.cpp Line: 51)

[Render Model] Render model does not support components, falling back to single mesh.
 
(Filename: /home/builduser/buildslave/unity/build/artifacts/generated/common/runtime/DebugBindings.gen.cpp Line: 51)

Loaded render model for device 2
 
(Filename: /home/builduser/buildslave/unity/build/artifacts/generated/common/runtime/DebugBindings.gen.cpp Line: 51)

Total render model mesh count is 1
 
(Filename: /home/builduser/buildslave/unity/build/artifacts/generated/common/runtime/DebugBindings.gen.cpp Line: 51)

Total render model vertex count is 1275
 
(Filename: /home/builduser/buildslave/unity/build/artifacts/generated/common/runtime/DebugBindings.gen.cpp Line: 51)

Requesting render model for device 3
 
(Filename: /home/builduser/buildslave/unity/build/artifacts/generated/common/runtime/DebugBindings.gen.cpp Line: 51)

Marshalling RenderModel_TextureMap from 139622835482768
 
(Filename: /home/builduser/buildslave/unity/build/artifacts/generated/common/runtime/DebugBindings.gen.cpp Line: 51)

Marshalling RenderModel_TextureMap from 139622835555456
 
(Filename: /home/builduser/buildslave/unity/build/artifacts/generated/common/runtime/DebugBindings.gen.cpp Line: 51)

Loaded render model for device 3
 
(Filename: /home/builduser/buildslave/unity/build/artifacts/generated/common/runtime/DebugBindings.gen.cpp Line: 51)

Total render model mesh count is 9
 
(Filename: /home/builduser/buildslave/unity/build/artifacts/generated/common/runtime/DebugBindings.gen.cpp Line: 51)

Total render model vertex count is 5265
 
(Filename: /home/builduser/buildslave/unity/build/artifacts/generated/common/runtime/DebugBindings.gen.cpp Line: 51)

Requesting render model for device 4
 
(Filename: /home/builduser/buildslave/unity/build/artifacts/generated/common/runtime/DebugBindings.gen.cpp Line: 51)

Marshalling RenderModel_TextureMap from 139620730623408
 
(Filename: /home/builduser/buildslave/unity/build/artifacts/generated/common/runtime/DebugBindings.gen.cpp Line: 51)

Marshalling RenderModel_TextureMap from 139620730683584
 
(Filename: /home/builduser/buildslave/unity/build/artifacts/generated/common/runtime/DebugBindings.gen.cpp Line: 51)

Loaded render model for device 4
 
(Filename: /home/builduser/buildslave/unity/build/artifacts/generated/common/runtime/DebugBindings.gen.cpp Line: 51)

Total render model mesh count is 9
 
(Filename: /home/builduser/buildslave/unity/build/artifacts/generated/common/runtime/DebugBindings.gen.cpp Line: 51)

Total render model vertex count is 5271
 
(Filename: /home/builduser/buildslave/unity/build/artifacts/generated/common/runtime/DebugBindings.gen.cpp Line: 51)

